<?xml version="1.0" encoding="UTF-8"?>
<!-- Generated by org.testng.reporters.JUnitReportReporter -->
<testsuite skipped="0" hostname="JS-PC" name="com.ExamTask.SeatBookingSSwithPdf" tests="1" failures="0" timestamp="2020-07-24T17:54:28 BDT" time="46.348" errors="0">
  <testcase name="f" time="46.348" classname="com.ExamTask.SeatBookingSSwithPdf"/>
  <system-out>
Starting Test Case. Navigated to shohoz.com Navigated to Bus Search Page. Entered Starting From location. Entered destination location. Clicked on the search button Viewed available Seats. Seat Selected.  </system-out>
</testsuite> <!-- com.ExamTask.SeatBookingSSwithPdf -->
